<?xml version="1.0" encoding="UTF-8"?>
<!-- Generated by org.testng.reporters.JUnitXMLReporter -->
<testsuite hostname="SL-1029" ignored="3" name="Default test" tests="1" failures="0" timestamp="17 Jan 2019 19:57:33 GMT" time="1.702" errors="0">
  <testcase name="testGetSauceTunnelIdentifier" time="1.684" classname="com.saucelabs.vdc.restapi.APITester"/>
  <testcase name="testGetSauceTunnels" time="0.0" classname="com.saucelabs.vdc.restapi.APITester">
    <ignored/>
  </testcase> <!-- testGetSauceTunnels -->
  <testcase name="testSauceUser" time="0.0" classname="com.saucelabs.vdc.restapi.APITester">
    <ignored/>
  </testcase> <!-- testSauceUser -->
  <testcase name="testGetShutDownTunnel" time="0.0" classname="com.saucelabs.vdc.restapi.APITester">
    <ignored/>
  </testcase> <!-- testGetShutDownTunnel -->
</testsuite> <!-- Default test -->
