<?xml version="1.0" encoding="UTF-8"?>
<testng-results skipped="0" failed="0" ignored="3" total="4" passed="1">
  <reporter-output>
  </reporter-output>
  <suite name="Default suite" duration-ms="1702" started-at="2019-01-17T19:57:31Z" finished-at="2019-01-17T19:57:33Z">
    <groups>
    </groups>
    <test name="Default test" duration-ms="1702" started-at="2019-01-17T19:57:31Z" finished-at="2019-01-17T19:57:33Z">
      <class name="com.saucelabs.vdc.restapi.APITester">
        <test-method status="PASS" signature="testGetSauceTunnelIdentifier()[pri:0, instance:com.saucelabs.vdc.restapi.APITester@26be92ad]" name="testGetSauceTunnelIdentifier" duration-ms="1684" started-at="2019-01-17T19:57:31Z" finished-at="2019-01-17T19:57:33Z">
          <reporter-output>
          </reporter-output>
        </test-method> <!-- testGetSauceTunnelIdentifier -->
      </class> <!-- com.saucelabs.vdc.restapi.APITester -->
    </test> <!-- Default test -->
  </suite> <!-- Default suite -->
</testng-results>
